<?xml version="1.0" encoding="utf-8" standalone="no"?>
<!--This file represents the results of running a test suite-->
<test-results name="C:\Documents and Settings\mellinja\SQA-Tower-Defense\SQA-Tower-Defense\SQA_Tower_Defense\ClassLibrary1\ClassTests.csproj" total="1" errors="1" failures="0" not-run="0" inconclusive="0" ignored="0" skipped="0" invalid="0" date="2011-04-27" time="13:26:01">
  <environment nunit-version="2.5.9.10348" clr-version="2.0.50727.3620" os-version="Microsoft Windows NT 5.1.2600 Service Pack 3" platform="Win32NT" cwd="C:\Documents and Settings\mellinja\SQA-Tower-Defense\SQA-Tower-Defense\SQA_Tower_Defense\ClassLibrary1" machine-name="MELLINJA-1" user="mellinja" user-domain="MELLINJA-1" />
  <culture-info current-culture="en-US" current-uiculture="en-US" />
  <test-suite type="Project" name="C:\Documents and Settings\mellinja\SQA-Tower-Defense\SQA-Tower-Defense\SQA_Tower_Defense\ClassLibrary1\ClassTests.csproj" executed="True" result="Failure" success="False" time="0.063" asserts="0">
    <results>
      <test-suite type="Assembly" name="C:\Documents and Settings\mellinja\SQA-Tower-Defense\SQA-Tower-Defense\SQA_Tower_Defense\ClassLibrary1\bin\Debug\ClassLibrary1.dll" executed="True" result="Failure" success="False" time="0.063" asserts="0">
        <results>
          <test-suite type="Namespace" name="ClassTests" executed="True" result="Failure" success="False" time="0.063" asserts="0">
            <results>
              <test-suite type="TestFixture" name="EnemyTests" executed="True" result="Failure" success="False" time="0.000" asserts="0">
                <results>
                  <test-case name="ClassTests.EnemyTests.EnemyHasCorrectGoldAfterInitialized" executed="True" result="Error" success="False" time="0.000" asserts="0">
                    <failure>
                      <message><![CDATA[SetUp : System.ArgumentOutOfRangeException : Specified argument was out of the range of valid values.]]></message>
                      <stack-trace><![CDATA[at SQA_Tower_Defense.Map..ctor(String gametype, Int32 startingMoney, Int32 difficulty) in C:\Documents and Settings\mellinja\SQA-Tower-Defense\SQA-Tower-Defense\SQA_Tower_Defense\SQA_Tower_Defense\SQA_Tower_Defense\Map.cs:line 21
at ClassTests.EnemyTests.SetUp() in C:\Documents and Settings\mellinja\SQA-Tower-Defense\SQA-Tower-Defense\SQA_Tower_Defense\ClassLibrary1\EnemyTests.cs:line 22
]]></stack-trace>
                    </failure>
                  </test-case>
                </results>
              </test-suite>
            </results>
          </test-suite>
        </results>
      </test-suite>
    </results>
  </test-suite>
</test-results>