<?xml version="1.0" encoding="utf-8" standalone="no"?>
<!--This file represents the results of running a test suite-->
<test-results name="C:\Users\Andeh\Documents\Courses\CSSE376\Git\Final Project\SQA-Tower-Defense\SQA_Tower_Defense\ClassLibrary1\ClassTests.csproj" total="1" errors="1" failures="0" not-run="0" inconclusive="0" ignored="0" skipped="0" invalid="0" date="2011-05-11" time="13:40:04">
  <environment nunit-version="2.5.9.10348" clr-version="2.0.50727.4959" os-version="Microsoft Windows NT 6.1.7600.0" platform="Win32NT" cwd="C:\Users\Andeh\Documents\Courses\CSSE376\Git\Final Project\SQA-Tower-Defense\SQA_Tower_Defense\ClassLibrary1" machine-name="LOLWUT" user="Andeh" user-domain="LOLWUT" />
  <culture-info current-culture="en-US" current-uiculture="en-US" />
  <test-suite type="Project" name="C:\Users\Andeh\Documents\Courses\CSSE376\Git\Final Project\SQA-Tower-Defense\SQA_Tower_Defense\ClassLibrary1\ClassTests.csproj" executed="True" result="Failure" success="False" time="0.036" asserts="0">
    <results>
      <test-suite type="Assembly" name="C:\Users\Andeh\Documents\Courses\CSSE376\Git\Final Project\SQA-Tower-Defense\SQA_Tower_Defense\ClassLibrary1\bin\Debug\ClassLibrary1.dll" executed="True" result="Failure" success="False" time="0.035" asserts="0">
        <results>
          <test-suite type="Namespace" name="ClassTests" executed="True" result="Failure" success="False" time="0.034" asserts="0">
            <results>
              <test-suite type="TestFixture" name="MainGameTests" executed="True" result="Failure" success="False" time="0.008" asserts="0">
                <results>
                  <test-case name="ClassTests.MainGameTests.Pressing1SelectsNewTower" executed="True" result="Error" success="False" time="0.008" asserts="0">
                    <failure>
                      <message><![CDATA[System.ArgumentNullException : The GraphicsDevice must not be null when creating new resources.
Parameter name: graphicsDevice]]></message>
                      <stack-trace><![CDATA[at Microsoft.Xna.Framework.Graphics.SpriteBatch..ctor(GraphicsDevice graphicsDevice)
at SQA_Tower_Defense.MainGame.LoadContent() in C:\Users\Andeh\Documents\Courses\CSSE376\Git\Final Project\SQA-Tower-Defense\SQA_Tower_Defense\SQA_Tower_Defense\SQA_Tower_Defense\MainGame.cs:line 76
at SQA_Tower_Defense.MainGame.LoadContent(Int32 i) in C:\Users\Andeh\Documents\Courses\CSSE376\Git\Final Project\SQA-Tower-Defense\SQA_Tower_Defense\SQA_Tower_Defense\SQA_Tower_Defense\MainGame.cs:line 63
at ClassTests.MainGameTests.Pressing1SelectsNewTower() in C:\Users\Andeh\Documents\Courses\CSSE376\Git\Final Project\SQA-Tower-Defense\SQA_Tower_Defense\ClassLibrary1\MainGameTests.cs:line 80
]]></stack-trace>
                    </failure>
                  </test-case>
                </results>
              </test-suite>
            </results>
          </test-suite>
        </results>
      </test-suite>
    </results>
  </test-suite>
</test-results>