<?xml version="1.0" encoding="utf-8" standalone="no"?>
<!--This file represents the results of running a test suite-->
<test-results name="C:\Users\Andeh\Documents\Courses\CSSE376\Git\Final Project\SQA-Tower-Defense\SQA_Tower_Defense\ClassLibrary1\ClassTests.csproj" total="9" errors="0" failures="0" not-run="0" inconclusive="0" ignored="0" skipped="0" invalid="0" date="2011-04-28" time="17:52:27">
  <environment nunit-version="2.5.9.10348" clr-version="2.0.50727.4959" os-version="Microsoft Windows NT 6.1.7600.0" platform="Win32NT" cwd="C:\Users\Andeh\Documents\Courses\CSSE376\Git\Final Project\SQA-Tower-Defense\SQA_Tower_Defense\ClassLibrary1" machine-name="LOLWUT" user="Andeh" user-domain="LOLWUT" />
  <culture-info current-culture="en-US" current-uiculture="en-US" />
  <test-suite type="Project" name="C:\Users\Andeh\Documents\Courses\CSSE376\Git\Final Project\SQA-Tower-Defense\SQA_Tower_Defense\ClassLibrary1\ClassTests.csproj" executed="True" result="Success" success="True" time="0.006" asserts="0">
    <results>
      <test-suite type="Assembly" name="C:\Users\Andeh\Documents\Courses\CSSE376\Git\Final Project\SQA-Tower-Defense\SQA_Tower_Defense\ClassLibrary1\bin\Debug\ClassLibrary1.dll" executed="True" result="Success" success="True" time="0.001" asserts="0">
        <results>
          <test-suite type="Namespace" name="ClassTests" executed="True" result="Success" success="True" time="0.001" asserts="0">
            <results>
              <test-suite type="TestFixture" name="TowerTestInteractionWithEnemiesWithsetup" executed="True" result="Success" success="True" time="0.001" asserts="0">
                <results>
                  <test-case name="ClassTests.TowerTestInteractionWithEnemiesWithsetup.attackEvery60" executed="True" result="Success" success="True" time="0.000" asserts="61" />
                  <test-case name="ClassTests.TowerTestInteractionWithEnemiesWithsetup.EnemyDestroyed" executed="True" result="Success" success="True" time="0.000" asserts="2" />
                  <test-case name="ClassTests.TowerTestInteractionWithEnemiesWithsetup.EnemyMoveOutofRange" executed="True" result="Success" success="True" time="0.000" asserts="2" />
                  <test-case name="ClassTests.TowerTestInteractionWithEnemiesWithsetup.EnemyThatDiesWithinRangeOfTwoTowersGetsRemovedFromBothTowerLists" executed="True" result="Success" success="True" time="0.000" asserts="4" />
                  <test-case name="ClassTests.TowerTestInteractionWithEnemiesWithsetup.MoveBothEnemyOutofRange" executed="True" result="Success" success="True" time="0.000" asserts="5" />
                  <test-case name="ClassTests.TowerTestInteractionWithEnemiesWithsetup.MultipleTowersCanAttackSingleEnemy" executed="True" result="Success" success="True" time="0.000" asserts="2" />
                  <test-case name="ClassTests.TowerTestInteractionWithEnemiesWithsetup.TowerAttacksAnEnemyInItsRange" executed="True" result="Success" success="True" time="0.000" asserts="2" />
                  <test-case name="ClassTests.TowerTestInteractionWithEnemiesWithsetup.TowerDoesNotAttackEnemyOutsideItsRange" executed="True" result="Success" success="True" time="0.000" asserts="2" />
                  <test-case name="ClassTests.TowerTestInteractionWithEnemiesWithsetup.TowerStopsAttackingEnemyOnceItMovesOutsideOfRange" executed="True" result="Success" success="True" time="0.000" asserts="2" />
                </results>
              </test-suite>
            </results>
          </test-suite>
        </results>
      </test-suite>
    </results>
  </test-suite>
</test-results>